Build started 21/5/2015 10:40:34 μμ.
     1>Project "C:\Users\George\Documents\Visual Studio 2013\Projects\BlakeRainbowTablesWinPP\BlakeRainbowTablesWinPP\BlakeRainbowTablesWinPP.vcxproj" on node 2 (Build target(s)).
     1>ClCompile:
         C:\Program Files (x86)\Microsoft Visual Studio 12.0\VC\bin\x86_amd64\CL.exe /c /Zi /nologo /W3 /WX- /sdl /O2 /Ob2 /Oi /Ot /Oy /GL /D _CRT_SECURE_NO_WARNINGS /D _MBCS /D _WINSOCK_DEPRECATED_NO_WARNINGS /D _MBCS /Gm- /EHsc /MD /GS /Gy /fp:precise /Zc:wchar_t /Zc:forScope /Fo"x64\Release\\" /Fd"x64\Release\vc120.pdb" /Gd /TP /errorReport:prompt ..\BlakeRainbowTables\Main.cpp
         Main.cpp
       Link:
         C:\Program Files (x86)\Microsoft Visual Studio 12.0\VC\bin\x86_amd64\link.exe /ERRORREPORT:PROMPT /OUT:"C:\Users\George\Documents\Visual Studio 2013\Projects\BlakeRainbowTablesWinPP\x64\Release\BlakeRainbowTablesWinPP.exe" /NOLOGO kernel32.lib user32.lib gdi32.lib winspool.lib comdlg32.lib advapi32.lib shell32.lib ole32.lib oleaut32.lib uuid.lib odbc32.lib odbccp32.lib pthreadVC2.lib kernel32.lib user32.lib gdi32.lib winspool.lib comdlg32.lib advapi32.lib shell32.lib ole32.lib oleaut32.lib uuid.lib odbc32.lib odbccp32.lib /MANIFEST /MANIFESTUAC:"level='asInvoker' uiAccess='false'" /manifest:embed /DEBUG /PDB:"C:\Users\George\Documents\Visual Studio 2013\Projects\BlakeRainbowTablesWinPP\x64\Release\BlakeRainbowTablesWinPP.pdb" /OPT:REF /OPT:ICF /LTCG /TLBID:1 /DYNAMICBASE /NXCOMPAT /IMPLIB:"C:\Users\George\Documents\Visual Studio 2013\Projects\BlakeRainbowTablesWinPP\x64\Release\BlakeRainbowTablesWinPP.lib" /MACHINE:X64 x64\Release\blake_ref.obj
         x64\Release\byNet.obj
         x64\Release\CreateRBT.obj
         x64\Release\hashOperations.obj
         x64\Release\llist.obj
         x64\Release\Main.obj
         x64\Release\RedFun.obj
         x64\Release\SearchRBT.obj
         x64\Release\Base64.obj
         x64\Release\Exception.obj
         x64\Release\Ipv4Address.obj
         x64\Release\Ipv6Address.obj
         x64\Release\Lock.obj
         x64\Release\Mutex.obj
         x64\Release\Parse.obj
         x64\Release\ResolvServer.obj
         x64\Release\ResolvSocket.obj
         x64\Release\Semaphore.obj
         x64\Release\Socket.obj
         x64\Release\SocketHandler.obj
         x64\Release\SocketHandlerEp.obj
         x64\Release\SocketHandlerThread.obj
         x64\Release\SocketThread.obj
         x64\Release\socket_include.obj
         x64\Release\SSLInitializer.obj
         x64\Release\StreamSocket.obj
         x64\Release\TcpSocket.obj
         x64\Release\Thread.obj
         x64\Release\UdpSocket.obj
         x64\Release\Utility.obj
         Generating code
         Finished generating code
         BlakeRainbowTablesWinPP.vcxproj -> C:\Users\George\Documents\Visual Studio 2013\Projects\BlakeRainbowTablesWinPP\x64\Release\BlakeRainbowTablesWinPP.exe
     1>Done Building Project "C:\Users\George\Documents\Visual Studio 2013\Projects\BlakeRainbowTablesWinPP\BlakeRainbowTablesWinPP\BlakeRainbowTablesWinPP.vcxproj" (Build target(s)).

Build succeeded.

Time Elapsed 00:00:06.63
