Build started 14/5/2015 12:36:45 πμ.
     1>Project "c:\Users\George\documents\visual studio 2013\Projects\BlakeRainbowTablesWinPP\BlakeRainbowTablesWinPP\BlakeRainbowTablesWinPP.vcxproj" on node 2 (Build target(s)).
     1>ClCompile:
         C:\Program Files (x86)\Microsoft Visual Studio 12.0\VC\bin\CL.exe /c /ZI /nologo /W3 /WX- /sdl /Od /Oy- /D _MBCS /Gm /EHsc /RTC1 /MDd /GS /fp:precise /Zc:wchar_t /Zc:forScope /Fo"Debug\\" /Fd"Debug\vc120.pdb" /Gd /TC /analyze- /errorReport:prompt ..\BlakeRainbowTables\blake_ref.c ..\BlakeRainbowTables\CreateRBT.c ..\BlakeRainbowTables\hashOperations.c ..\BlakeRainbowTables\llist.c ..\BlakeRainbowTables\RedFun.c ..\BlakeRainbowTables\SearchRBT.c
         SearchRBT.c
     1>c:\users\george\documents\visual studio 2013\projects\blakerainbowtableswinpp\blakerainbowtables\searchrbt.c(23): error C4996: 'sscanf': This function or variable may be unsafe. Consider using sscanf_s instead. To disable deprecation, use _CRT_SECURE_NO_WARNINGS. See online help for details.
                 c:\program files (x86)\microsoft visual studio 12.0\vc\include\stdio.h(304) : see declaration of 'sscanf'
         RedFun.c
         llist.c
         hashOperations.c
     1>c:\users\george\documents\visual studio 2013\projects\blakerainbowtableswinpp\blakerainbowtables\hashoperations.c(14): error C4996: 'strncpy': This function or variable may be unsafe. Consider using strncpy_s instead. To disable deprecation, use _CRT_SECURE_NO_WARNINGS. See online help for details.
                 c:\program files (x86)\microsoft visual studio 12.0\vc\include\string.h(195) : see declaration of 'strncpy'
         CreateRBT.c
     1>c:\users\george\documents\visual studio 2013\projects\blakerainbowtableswinpp\blakerainbowtables\createrbt.c(73): error C4996: 'strncpy': This function or variable may be unsafe. Consider using strncpy_s instead. To disable deprecation, use _CRT_SECURE_NO_WARNINGS. See online help for details.
                 c:\program files (x86)\microsoft visual studio 12.0\vc\include\string.h(195) : see declaration of 'strncpy'
     1>c:\users\george\documents\visual studio 2013\projects\blakerainbowtableswinpp\blakerainbowtables\createrbt.c(199): warning C4013: 'Sleep' undefined; assuming extern returning int
         blake_ref.c
     1>c:\users\george\documents\visual studio 2013\projects\blakerainbowtableswinpp\blakerainbowtables\blake_ref.c(311): warning C4244: 'function' : conversion from 'DataLength' to 'size_t', possible loss of data
     1>c:\users\george\documents\visual studio 2013\projects\blakerainbowtableswinpp\blakerainbowtables\blake_ref.c(312): warning C4244: '=' : conversion from 'DataLength' to 'int', possible loss of data
     1>c:\users\george\documents\visual studio 2013\projects\blakerainbowtableswinpp\blakerainbowtables\blake_ref.c(360): warning C4244: '=' : conversion from 'DataLength' to 'int', possible loss of data
     1>c:\users\george\documents\visual studio 2013\projects\blakerainbowtableswinpp\blakerainbowtables\blake_ref.c(391): warning C4018: '<' : signed/unsigned mismatch
         Generating Code...
     1>Done Building Project "c:\Users\George\documents\visual studio 2013\Projects\BlakeRainbowTablesWinPP\BlakeRainbowTablesWinPP\BlakeRainbowTablesWinPP.vcxproj" (Build target(s)) -- FAILED.

Build FAILED.

Time Elapsed 00:00:00.97
